<?xml version="1.0" encoding="UTF-8"?>
<testsuite name="com.javasampleapproach.apachekafka.SpringApacheKafkaApplicationTests" time="0.018" tests="1" errors="1" skipped="0" failures="0">
  <properties>
[...]
</properties>
  <testcase name="initializationError" classname="com.javasampleapproach.apachekafka.SpringApacheKafkaApplicationTests" time="0.018">
    <error message="Unable to find a @SpringBootConfiguration, you need to use @ContextConfiguration or @SpringBootTest(classes=...) with your test" type="java.lang.IllegalStateException"><![CDATA[java.lang.IllegalStateException: Unable to find a @SpringBootConfiguration, you need to use @ContextConfiguration or @SpringBootTest(classes=...) with your test
	at org.springframework.util.Assert.state(Assert.java:70)
	at org.springframework.boot.test.context.SpringBootTestContextBootstrapper.getOrFindConfigurationClasses(SpringBootTestContextBootstrapper.java:202)
	at org.springframework.boot.test.context.SpringBootTestContextBootstrapper.processMergedContextConfiguration(SpringBootTestContextBootstrapper.java:137)
	at org.springframework.test.context.support.AbstractTestContextBootstrapper.buildMergedContextConfiguration(AbstractTestContextBootstrapper.java:409)
	at org.springframework.test.context.support.AbstractTestContextBootstrapper.buildDefaultMergedContextConfiguration(AbstractTestContextBootstrapper.java:323)
	at org.springframework.test.context.support.AbstractTestContextBootstrapper.buildMergedContextConfiguration(AbstractTestContextBootstrapper.java:277)
	at org.springframework.test.context.support.AbstractTestContextBootstrapper.buildTestContext(AbstractTestContextBootstrapper.java:112)
	at org.springframework.boot.test.context.SpringBootTestContextBootstrapper.buildTestContext(SpringBootTestContextBootstrapper.java:82)
	at org.springframework.test.context.TestContextManager.<init>(TestContextManager.java:120)
	at org.springframework.test.context.TestContextManager.<init>(TestContextManager.java:105)
	at org.springframework.test.context.junit4.SpringJUnit4ClassRunner.createTestContextManager(SpringJUnit4ClassRunner.java:152)
	at org.springframework.test.context.junit4.SpringJUnit4ClassRunner.<init>(SpringJUnit4ClassRunner.java:143)
	at org.springframework.test.context.junit4.SpringRunner.<init>(SpringRunner.java:49)
	at sun.reflect.NativeConstructorAccessorImpl.newInstance0(Native Method)
	at sun.reflect.NativeConstructorAccessorImpl.newInstance(NativeConstructorAccessorImpl.java:62)
	at sun.reflect.DelegatingConstructorAccessorImpl.newInstance(DelegatingConstructorAccessorImpl.java:45)
	at java.lang.reflect.Constructor.newInstance(Constructor.java:422)
	at org.junit.internal.builders.AnnotatedBuilder.buildRunner(AnnotatedBuilder.java:104)
	at org.junit.internal.builders.AnnotatedBuilder.runnerForClass(AnnotatedBuilder.java:86)
	at org.junit.runners.model.RunnerBuilder.safeRunnerForClass(RunnerBuilder.java:59)
	at org.junit.internal.builders.AllDefaultPossibilitiesBuilder.runnerForClass(AllDefaultPossibilitiesBuilder.java:26)
	at org.junit.runners.model.RunnerBuilder.safeRunnerForClass(RunnerBuilder.java:59)
	at org.junit.internal.requests.ClassRequest.getRunner(ClassRequest.java:33)
	at org.apache.maven.surefire.junit4.JUnit4Provider.execute(JUnit4Provider.java:283)
	at org.apache.maven.surefire.junit4.JUnit4Provider.executeWithRerun(JUnit4Provider.java:173)
	at org.apache.maven.surefire.junit4.JUnit4Provider.executeTestSet(JUnit4Provider.java:153)
	at org.apache.maven.surefire.junit4.JUnit4Provider.invoke(JUnit4Provider.java:128)
	at org.apache.maven.surefire.booter.ForkedBooter.invokeProviderInSameClassLoader(ForkedBooter.java:203)
	at org.apache.maven.surefire.booter.ForkedBooter.runSuitesInProcess(ForkedBooter.java:155)
	at org.apache.maven.surefire.booter.ForkedBooter.main(ForkedBooter.java:103)
]]></error>
    <system-out><![CDATA[18:35:02.979 [main] DEBUG org.springframework.test.context.junit4.SpringJUnit4ClassRunner - SpringJUnit4ClassRunner constructor called with [class com.javasampleapproach.apachekafka.SpringApacheKafkaApplicationTests]
18:35:02.987 [main] DEBUG org.springframework.test.context.BootstrapUtils - Instantiating CacheAwareContextLoaderDelegate from class [org.springframework.test.context.cache.DefaultCacheAwareContextLoaderDelegate]
18:35:02.997 [main] DEBUG org.springframework.test.context.BootstrapUtils - Instantiating BootstrapContext using constructor [public org.springframework.test.context.support.DefaultBootstrapContext(java.lang.Class,org.springframework.test.context.CacheAwareContextLoaderDelegate)]
18:35:03.015 [main] DEBUG org.springframework.test.context.BootstrapUtils - Instantiating TestContextBootstrapper for test class [com.javasampleapproach.apachekafka.SpringApacheKafkaApplicationTests] from class [org.springframework.boot.test.context.SpringBootTestContextBootstrapper]
18:35:03.028 [main] INFO org.springframework.boot.test.context.SpringBootTestContextBootstrapper - Neither @ContextConfiguration nor @ContextHierarchy found for test class [com.javasampleapproach.apachekafka.SpringApacheKafkaApplicationTests], using SpringBootContextLoader
18:35:03.032 [main] DEBUG org.springframework.test.context.support.AbstractContextLoader - Did not detect default resource location for test class [com.javasampleapproach.apachekafka.SpringApacheKafkaApplicationTests]: class path resource [com/javasampleapproach/apachekafka/SpringApacheKafkaApplicationTests-context.xml] does not exist
18:35:03.032 [main] DEBUG org.springframework.test.context.support.AbstractContextLoader - Did not detect default resource location for test class [com.javasampleapproach.apachekafka.SpringApacheKafkaApplicationTests]: class path resource [com/javasampleapproach/apachekafka/SpringApacheKafkaApplicationTestsContext.groovy] does not exist
18:35:03.032 [main] INFO org.springframework.test.context.support.AbstractContextLoader - Could not detect default resource locations for test class [com.javasampleapproach.apachekafka.SpringApacheKafkaApplicationTests]: no resource found for suffixes {-context.xml, Context.groovy}.
18:35:03.033 [main] INFO org.springframework.test.context.support.AnnotationConfigContextLoaderUtils - Could not detect default configuration classes for test class [com.javasampleapproach.apachekafka.SpringApacheKafkaApplicationTests]: SpringApacheKafkaApplicationTests does not declare any static, non-private, non-final, nested classes annotated with @Configuration.
18:35:03.079 [main] DEBUG org.springframework.test.context.support.ActiveProfilesUtils - Could not find an 'annotation declaring class' for annotation type [org.springframework.test.context.ActiveProfiles] and class [com.javasampleapproach.apachekafka.SpringApacheKafkaApplicationTests]
18:35:03.091 [main] DEBUG org.springframework.core.env.StandardEnvironment - Adding [systemProperties] PropertySource with lowest search precedence
18:35:03.093 [main] DEBUG org.springframework.core.env.StandardEnvironment - Adding [systemEnvironment] PropertySource with lowest search precedence
18:35:03.093 [main] DEBUG org.springframework.core.env.StandardEnvironment - Initialized StandardEnvironment with PropertySources [systemProperties,systemEnvironment]
18:35:03.110 [main] DEBUG org.springframework.core.io.support.PathMatchingResourcePatternResolver - Resolved classpath location [com/javasampleapproach/apachekafka/] to resources [URL [file:/C:/Users/Neviim-NB41/Documents/NetBeansProjects/SpringApacheKafka/target/test-classes/com/javasampleapproach/apachekafka/]]
18:35:03.111 [main] DEBUG org.springframework.core.io.support.PathMatchingResourcePatternResolver - Looking for matching resources in directory tree [C:\Users\Neviim-NB41\Documents\NetBeansProjects\SpringApacheKafka\target\test-classes\com\javasampleapproach\apachekafka]
18:35:03.111 [main] DEBUG org.springframework.core.io.support.PathMatchingResourcePatternResolver - Searching directory [C:\Users\Neviim-NB41\Documents\NetBeansProjects\SpringApacheKafka\target\test-classes\com\javasampleapproach\apachekafka] for files matching pattern [C:/Users/Neviim-NB41/Documents/NetBeansProjects/SpringApacheKafka/target/test-classes/com/javasampleapproach/apachekafka/*.class]
18:35:03.115 [main] DEBUG org.springframework.core.io.support.PathMatchingResourcePatternResolver - Resolved location pattern [classpath*:com/javasampleapproach/apachekafka/*.class] to resources [file [C:\Users\Neviim-NB41\Documents\NetBeansProjects\SpringApacheKafka\target\test-classes\com\javasampleapproach\apachekafka\SpringApacheKafkaApplicationTests.class]]
18:35:03.137 [main] DEBUG org.springframework.core.io.support.PathMatchingResourcePatternResolver - Resolved classpath location [com/javasampleapproach/] to resources [URL [file:/C:/Users/Neviim-NB41/Documents/NetBeansProjects/SpringApacheKafka/target/test-classes/com/javasampleapproach/]]
18:35:03.138 [main] DEBUG org.springframework.core.io.support.PathMatchingResourcePatternResolver - Looking for matching resources in directory tree [C:\Users\Neviim-NB41\Documents\NetBeansProjects\SpringApacheKafka\target\test-classes\com\javasampleapproach]
18:35:03.138 [main] DEBUG org.springframework.core.io.support.PathMatchingResourcePatternResolver - Searching directory [C:\Users\Neviim-NB41\Documents\NetBeansProjects\SpringApacheKafka\target\test-classes\com\javasampleapproach] for files matching pattern [C:/Users/Neviim-NB41/Documents/NetBeansProjects/SpringApacheKafka/target/test-classes/com/javasampleapproach/*.class]
18:35:03.138 [main] DEBUG org.springframework.core.io.support.PathMatchingResourcePatternResolver - Resolved location pattern [classpath*:com/javasampleapproach/*.class] to resources []
18:35:03.139 [main] DEBUG org.springframework.core.io.support.PathMatchingResourcePatternResolver - Resolved classpath location [com/] to resources [URL [file:/C:/Users/Neviim-NB41/Documents/NetBeansProjects/SpringApacheKafka/target/test-classes/com/], URL [file:/C:/Users/Neviim-NB41/Documents/NetBeansProjects/SpringApacheKafka/target/classes/com/], URL [jar:file:/C:/Users/Neviim-NB41/.m2/repository/mysql/mysql-connector-java/5.1.42/mysql-connector-java-5.1.42.jar!/com/], URL [jar:file:/C:/Users/Neviim-NB41/.m2/repository/com/fasterxml/classmate/1.3.3/classmate-1.3.3.jar!/com/], URL [jar:file:/C:/Users/Neviim-NB41/.m2/repository/com/fasterxml/jackson/core/jackson-databind/2.8.8/jackson-databind-2.8.8.jar!/com/], URL [jar:file:/C:/Users/Neviim-NB41/.m2/repository/com/fasterxml/jackson/core/jackson-annotations/2.8.0/jackson-annotations-2.8.0.jar!/com/], URL [jar:file:/C:/Users/Neviim-NB41/.m2/repository/com/fasterxml/jackson/core/jackson-core/2.8.8/jackson-core-2.8.8.jar!/com/], URL [jar:file:/C:/Users/Neviim-NB41/.m2/repository/com/jayway/jsonpath/json-path/2.2.0/json-path-2.2.0.jar!/com/], URL [jar:file:/C:/Users/Neviim-NB41/.m2/repository/com/dev/nev/base-work/0.0.1/base-work-0.0.1.jar!/com/]]
18:35:03.139 [main] DEBUG org.springframework.core.io.support.PathMatchingResourcePatternResolver - Looking for matching resources in directory tree [C:\Users\Neviim-NB41\Documents\NetBeansProjects\SpringApacheKafka\target\test-classes\com]
18:35:03.140 [main] DEBUG org.springframework.core.io.support.PathMatchingResourcePatternResolver - Searching directory [C:\Users\Neviim-NB41\Documents\NetBeansProjects\SpringApacheKafka\target\test-classes\com] for files matching pattern [C:/Users/Neviim-NB41/Documents/NetBeansProjects/SpringApacheKafka/target/test-classes/com/*.class]
18:35:03.140 [main] DEBUG org.springframework.core.io.support.PathMatchingResourcePatternResolver - Looking for matching resources in directory tree [C:\Users\Neviim-NB41\Documents\NetBeansProjects\SpringApacheKafka\target\classes\com]
18:35:03.140 [main] DEBUG org.springframework.core.io.support.PathMatchingResourcePatternResolver - Searching directory [C:\Users\Neviim-NB41\Documents\NetBeansProjects\SpringApacheKafka\target\classes\com] for files matching pattern [C:/Users/Neviim-NB41/Documents/NetBeansProjects/SpringApacheKafka/target/classes/com/*.class]
18:35:03.141 [main] DEBUG org.springframework.core.io.support.PathMatchingResourcePatternResolver - Looking for matching resources in jar file [file:/C:/Users/Neviim-NB41/.m2/repository/mysql/mysql-connector-java/5.1.42/mysql-connector-java-5.1.42.jar]
18:35:03.153 [main] DEBUG org.springframework.core.io.support.PathMatchingResourcePatternResolver - Looking for matching resources in jar file [file:/C:/Users/Neviim-NB41/.m2/repository/com/fasterxml/classmate/1.3.3/classmate-1.3.3.jar]
18:35:03.154 [main] DEBUG org.springframework.core.io.support.PathMatchingResourcePatternResolver - Looking for matching resources in jar file [file:/C:/Users/Neviim-NB41/.m2/repository/com/fasterxml/jackson/core/jackson-databind/2.8.8/jackson-databind-2.8.8.jar]
18:35:03.165 [main] DEBUG org.springframework.core.io.support.PathMatchingResourcePatternResolver - Looking for matching resources in jar file [file:/C:/Users/Neviim-NB41/.m2/repository/com/fasterxml/jackson/core/jackson-annotations/2.8.0/jackson-annotations-2.8.0.jar]
18:35:03.166 [main] DEBUG org.springframework.core.io.support.PathMatchingResourcePatternResolver - Looking for matching resources in jar file [file:/C:/Users/Neviim-NB41/.m2/repository/com/fasterxml/jackson/core/jackson-core/2.8.8/jackson-core-2.8.8.jar]
18:35:03.168 [main] DEBUG org.springframework.core.io.support.PathMatchingResourcePatternResolver - Looking for matching resources in jar file [file:/C:/Users/Neviim-NB41/.m2/repository/com/jayway/jsonpath/json-path/2.2.0/json-path-2.2.0.jar]
18:35:03.170 [main] DEBUG org.springframework.core.io.support.PathMatchingResourcePatternResolver - Looking for matching resources in jar file [file:/C:/Users/Neviim-NB41/.m2/repository/com/dev/nev/base-work/0.0.1/base-work-0.0.1.jar]
18:35:03.170 [main] DEBUG org.springframework.core.io.support.PathMatchingResourcePatternResolver - Resolved location pattern [classpath*:com/*.class] to resources []
18:35:03.176 [main] DEBUG org.springframework.test.context.junit4.SpringJUnit4ClassRunner - SpringJUnit4ClassRunner constructor called with [class com.javasampleapproach.apachekafka.SpringApacheKafkaApplicationTests]
18:35:03.177 [main] DEBUG org.springframework.test.context.BootstrapUtils - Instantiating CacheAwareContextLoaderDelegate from class [org.springframework.test.context.cache.DefaultCacheAwareContextLoaderDelegate]
18:35:03.177 [main] DEBUG org.springframework.test.context.BootstrapUtils - Instantiating BootstrapContext using constructor [public org.springframework.test.context.support.DefaultBootstrapContext(java.lang.Class,org.springframework.test.context.CacheAwareContextLoaderDelegate)]
18:35:03.178 [main] DEBUG org.springframework.test.context.BootstrapUtils - Instantiating TestContextBootstrapper for test class [com.javasampleapproach.apachekafka.SpringApacheKafkaApplicationTests] from class [org.springframework.boot.test.context.SpringBootTestContextBootstrapper]
18:35:03.179 [main] INFO org.springframework.boot.test.context.SpringBootTestContextBootstrapper - Neither @ContextConfiguration nor @ContextHierarchy found for test class [com.javasampleapproach.apachekafka.SpringApacheKafkaApplicationTests], using SpringBootContextLoader
18:35:03.179 [main] DEBUG org.springframework.test.context.support.AbstractContextLoader - Did not detect default resource location for test class [com.javasampleapproach.apachekafka.SpringApacheKafkaApplicationTests]: class path resource [com/javasampleapproach/apachekafka/SpringApacheKafkaApplicationTests-context.xml] does not exist
18:35:03.180 [main] DEBUG org.springframework.test.context.support.AbstractContextLoader - Did not detect default resource location for test class [com.javasampleapproach.apachekafka.SpringApacheKafkaApplicationTests]: class path resource [com/javasampleapproach/apachekafka/SpringApacheKafkaApplicationTestsContext.groovy] does not exist
18:35:03.180 [main] INFO org.springframework.test.context.support.AbstractContextLoader - Could not detect default resource locations for test class [com.javasampleapproach.apachekafka.SpringApacheKafkaApplicationTests]: no resource found for suffixes {-context.xml, Context.groovy}.
18:35:03.181 [main] INFO org.springframework.test.context.support.AnnotationConfigContextLoaderUtils - Could not detect default configuration classes for test class [com.javasampleapproach.apachekafka.SpringApacheKafkaApplicationTests]: SpringApacheKafkaApplicationTests does not declare any static, non-private, non-final, nested classes annotated with @Configuration.
18:35:03.186 [main] DEBUG org.springframework.test.context.support.ActiveProfilesUtils - Could not find an 'annotation declaring class' for annotation type [org.springframework.test.context.ActiveProfiles] and class [com.javasampleapproach.apachekafka.SpringApacheKafkaApplicationTests]
18:35:03.187 [main] DEBUG org.springframework.core.env.StandardEnvironment - Adding [systemProperties] PropertySource with lowest search precedence
18:35:03.187 [main] DEBUG org.springframework.core.env.StandardEnvironment - Adding [systemEnvironment] PropertySource with lowest search precedence
18:35:03.187 [main] DEBUG org.springframework.core.env.StandardEnvironment - Initialized StandardEnvironment with PropertySources [systemProperties,systemEnvironment]
18:35:03.188 [main] DEBUG org.springframework.core.io.support.PathMatchingResourcePatternResolver - Resolved classpath location [com/javasampleapproach/apachekafka/] to resources [URL [file:/C:/Users/Neviim-NB41/Documents/NetBeansProjects/SpringApacheKafka/target/test-classes/com/javasampleapproach/apachekafka/]]
18:35:03.188 [main] DEBUG org.springframework.core.io.support.PathMatchingResourcePatternResolver - Looking for matching resources in directory tree [C:\Users\Neviim-NB41\Documents\NetBeansProjects\SpringApacheKafka\target\test-classes\com\javasampleapproach\apachekafka]
18:35:03.188 [main] DEBUG org.springframework.core.io.support.PathMatchingResourcePatternResolver - Searching directory [C:\Users\Neviim-NB41\Documents\NetBeansProjects\SpringApacheKafka\target\test-classes\com\javasampleapproach\apachekafka] for files matching pattern [C:/Users/Neviim-NB41/Documents/NetBeansProjects/SpringApacheKafka/target/test-classes/com/javasampleapproach/apachekafka/*.class]
18:35:03.190 [main] DEBUG org.springframework.core.io.support.PathMatchingResourcePatternResolver - Resolved location pattern [classpath*:com/javasampleapproach/apachekafka/*.class] to resources [file [C:\Users\Neviim-NB41\Documents\NetBeansProjects\SpringApacheKafka\target\test-classes\com\javasampleapproach\apachekafka\SpringApacheKafkaApplicationTests.class]]
18:35:03.191 [main] DEBUG org.springframework.core.io.support.PathMatchingResourcePatternResolver - Resolved classpath location [com/javasampleapproach/] to resources [URL [file:/C:/Users/Neviim-NB41/Documents/NetBeansProjects/SpringApacheKafka/target/test-classes/com/javasampleapproach/]]
18:35:03.191 [main] DEBUG org.springframework.core.io.support.PathMatchingResourcePatternResolver - Looking for matching resources in directory tree [C:\Users\Neviim-NB41\Documents\NetBeansProjects\SpringApacheKafka\target\test-classes\com\javasampleapproach]
18:35:03.192 [main] DEBUG org.springframework.core.io.support.PathMatchingResourcePatternResolver - Searching directory [C:\Users\Neviim-NB41\Documents\NetBeansProjects\SpringApacheKafka\target\test-classes\com\javasampleapproach] for files matching pattern [C:/Users/Neviim-NB41/Documents/NetBeansProjects/SpringApacheKafka/target/test-classes/com/javasampleapproach/*.class]
18:35:03.192 [main] DEBUG org.springframework.core.io.support.PathMatchingResourcePatternResolver - Resolved location pattern [classpath*:com/javasampleapproach/*.class] to resources []
18:35:03.193 [main] DEBUG org.springframework.core.io.support.PathMatchingResourcePatternResolver - Resolved classpath location [com/] to resources [URL [file:/C:/Users/Neviim-NB41/Documents/NetBeansProjects/SpringApacheKafka/target/test-classes/com/], URL [file:/C:/Users/Neviim-NB41/Documents/NetBeansProjects/SpringApacheKafka/target/classes/com/], URL [jar:file:/C:/Users/Neviim-NB41/.m2/repository/mysql/mysql-connector-java/5.1.42/mysql-connector-java-5.1.42.jar!/com/], URL [jar:file:/C:/Users/Neviim-NB41/.m2/repository/com/fasterxml/classmate/1.3.3/classmate-1.3.3.jar!/com/], URL [jar:file:/C:/Users/Neviim-NB41/.m2/repository/com/fasterxml/jackson/core/jackson-databind/2.8.8/jackson-databind-2.8.8.jar!/com/], URL [jar:file:/C:/Users/Neviim-NB41/.m2/repository/com/fasterxml/jackson/core/jackson-annotations/2.8.0/jackson-annotations-2.8.0.jar!/com/], URL [jar:file:/C:/Users/Neviim-NB41/.m2/repository/com/fasterxml/jackson/core/jackson-core/2.8.8/jackson-core-2.8.8.jar!/com/], URL [jar:file:/C:/Users/Neviim-NB41/.m2/repository/com/jayway/jsonpath/json-path/2.2.0/json-path-2.2.0.jar!/com/], URL [jar:file:/C:/Users/Neviim-NB41/.m2/repository/com/dev/nev/base-work/0.0.1/base-work-0.0.1.jar!/com/]]
18:35:03.194 [main] DEBUG org.springframework.core.io.support.PathMatchingResourcePatternResolver - Looking for matching resources in directory tree [C:\Users\Neviim-NB41\Documents\NetBeansProjects\SpringApacheKafka\target\test-classes\com]
18:35:03.194 [main] DEBUG org.springframework.core.io.support.PathMatchingResourcePatternResolver - Searching directory [C:\Users\Neviim-NB41\Documents\NetBeansProjects\SpringApacheKafka\target\test-classes\com] for files matching pattern [C:/Users/Neviim-NB41/Documents/NetBeansProjects/SpringApacheKafka/target/test-classes/com/*.class]
18:35:03.195 [main] DEBUG org.springframework.core.io.support.PathMatchingResourcePatternResolver - Looking for matching resources in directory tree [C:\Users\Neviim-NB41\Documents\NetBeansProjects\SpringApacheKafka\target\classes\com]
18:35:03.195 [main] DEBUG org.springframework.core.io.support.PathMatchingResourcePatternResolver - Searching directory [C:\Users\Neviim-NB41\Documents\NetBeansProjects\SpringApacheKafka\target\classes\com] for files matching pattern [C:/Users/Neviim-NB41/Documents/NetBeansProjects/SpringApacheKafka/target/classes/com/*.class]
18:35:03.196 [main] DEBUG org.springframework.core.io.support.PathMatchingResourcePatternResolver - Looking for matching resources in jar file [file:/C:/Users/Neviim-NB41/.m2/repository/mysql/mysql-connector-java/5.1.42/mysql-connector-java-5.1.42.jar]
18:35:03.199 [main] DEBUG org.springframework.core.io.support.PathMatchingResourcePatternResolver - Looking for matching resources in jar file [file:/C:/Users/Neviim-NB41/.m2/repository/com/fasterxml/classmate/1.3.3/classmate-1.3.3.jar]
18:35:03.200 [main] DEBUG org.springframework.core.io.support.PathMatchingResourcePatternResolver - Looking for matching resources in jar file [file:/C:/Users/Neviim-NB41/.m2/repository/com/fasterxml/jackson/core/jackson-databind/2.8.8/jackson-databind-2.8.8.jar]
18:35:03.206 [main] DEBUG org.springframework.core.io.support.PathMatchingResourcePatternResolver - Looking for matching resources in jar file [file:/C:/Users/Neviim-NB41/.m2/repository/com/fasterxml/jackson/core/jackson-annotations/2.8.0/jackson-annotations-2.8.0.jar]
18:35:03.208 [main] DEBUG org.springframework.core.io.support.PathMatchingResourcePatternResolver - Looking for matching resources in jar file [file:/C:/Users/Neviim-NB41/.m2/repository/com/fasterxml/jackson/core/jackson-core/2.8.8/jackson-core-2.8.8.jar]
18:35:03.210 [main] DEBUG org.springframework.core.io.support.PathMatchingResourcePatternResolver - Looking for matching resources in jar file [file:/C:/Users/Neviim-NB41/.m2/repository/com/jayway/jsonpath/json-path/2.2.0/json-path-2.2.0.jar]
18:35:03.213 [main] DEBUG org.springframework.core.io.support.PathMatchingResourcePatternResolver - Looking for matching resources in jar file [file:/C:/Users/Neviim-NB41/.m2/repository/com/dev/nev/base-work/0.0.1/base-work-0.0.1.jar]
18:35:03.213 [main] DEBUG org.springframework.core.io.support.PathMatchingResourcePatternResolver - Resolved location pattern [classpath*:com/*.class] to resources []
]]></system-out>
  </testcase>
</testsuite>